{"D:/codeGroup-challenger/src/App.tsx": {"path":"D:/codeGroup-challenger/src/App.tsx","statementMap":{"0":{"start":{"line":7,"column":2},"end":{"line":11,"column":null}}},"fnMap":{"0":{"name":"App","decl":{"start":{"line":5,"column":9},"end":{"line":5,"column":15}},"loc":{"start":{"line":5,"column":15},"end":{"line":13,"column":null}}}},"branchMap":{},"s":{"0":0},"f":{"0":0},"b":{}}
,"D:/codeGroup-challenger/src/main.tsx": {"path":"D:/codeGroup-challenger/src/main.tsx","statementMap":{"0":{"start":{"line":4,"column":0},"end":{"line":6,"column":null}}},"fnMap":{},"branchMap":{},"s":{"0":0},"f":{},"b":{}}
,"D:/codeGroup-challenger/src/contexts/mainContext.tsx": {"path":"D:/codeGroup-challenger/src/contexts/mainContext.tsx","statementMap":{"0":{"start":{"line":15,"column":27},"end":{"line":15,"column":null}},"1":{"start":{"line":17,"column":28},"end":{"line":29,"column":null}},"2":{"start":{"line":19,"column":36},"end":{"line":19,"column":null}},"3":{"start":{"line":20,"column":36},"end":{"line":20,"column":null}},"4":{"start":{"line":22,"column":25},"end":{"line":22,"column":null}},"5":{"start":{"line":22,"column":40},"end":{"line":22,"column":91}},"6":{"start":{"line":24,"column":4},"end":{"line":27,"column":null}}},"fnMap":{"0":{"name":"(anonymous_0)","decl":{"start":{"line":17,"column":28},"end":{"line":17,"column":29}},"loc":{"start":{"line":17,"column":75},"end":{"line":29,"column":null}}},"1":{"name":"(anonymous_1)","decl":{"start":{"line":22,"column":33},"end":{"line":22,"column":40}},"loc":{"start":{"line":22,"column":40},"end":{"line":22,"column":91}}}},"branchMap":{},"s":{"0":4,"1":4,"2":9,"3":9,"4":9,"5":9,"6":9},"f":{"0":9,"1":9},"b":{}}
,"D:/codeGroup-challenger/src/hooks/useGetRepoDetail.tsx": {"path":"D:/codeGroup-challenger/src/hooks/useGetRepoDetail.tsx","statementMap":{"0":{"start":{"line":12,"column":25},"end":{"line":38,"column":null}},"1":{"start":{"line":13,"column":34},"end":{"line":13,"column":null}},"2":{"start":{"line":14,"column":30},"end":{"line":14,"column":null}},"3":{"start":{"line":15,"column":28},"end":{"line":15,"column":null}},"4":{"start":{"line":17,"column":32},"end":{"line":28,"column":null}},"5":{"start":{"line":18,"column":8},"end":{"line":18,"column":null}},"6":{"start":{"line":19,"column":8},"end":{"line":27,"column":null}},"7":{"start":{"line":20,"column":33},"end":{"line":20,"column":null}},"8":{"start":{"line":21,"column":12},"end":{"line":21,"column":null}},"9":{"start":{"line":22,"column":12},"end":{"line":22,"column":null}},"10":{"start":{"line":24,"column":12},"end":{"line":24,"column":null}},"11":{"start":{"line":26,"column":12},"end":{"line":26,"column":null}},"12":{"start":{"line":30,"column":4},"end":{"line":35,"column":null}},"13":{"start":{"line":31,"column":8},"end":{"line":31,"column":null}},"14":{"start":{"line":32,"column":8},"end":{"line":34,"column":null}},"15":{"start":{"line":33,"column":12},"end":{"line":33,"column":null}},"16":{"start":{"line":37,"column":4},"end":{"line":37,"column":null}}},"fnMap":{"0":{"name":"(anonymous_0)","decl":{"start":{"line":12,"column":25},"end":{"line":12,"column":26}},"loc":{"start":{"line":12,"column":71},"end":{"line":38,"column":null}}},"1":{"name":"(anonymous_1)","decl":{"start":{"line":17,"column":44},"end":{"line":17,"column":56}},"loc":{"start":{"line":17,"column":56},"end":{"line":28,"column":7}}},"2":{"name":"(anonymous_2)","decl":{"start":{"line":30,"column":14},"end":{"line":30,"column":20}},"loc":{"start":{"line":30,"column":20},"end":{"line":35,"column":7}}},"3":{"name":"(anonymous_3)","decl":{"start":{"line":32,"column":15},"end":{"line":32,"column":21}},"loc":{"start":{"line":32,"column":21},"end":{"line":34,"column":null}}}},"branchMap":{},"s":{"0":0,"1":0,"2":0,"3":0,"4":0,"5":0,"6":0,"7":0,"8":0,"9":0,"10":0,"11":0,"12":0,"13":0,"14":0,"15":0,"16":0},"f":{"0":0,"1":0,"2":0,"3":0},"b":{}}
,"D:/codeGroup-challenger/src/hooks/useGetRepos.tsx": {"path":"D:/codeGroup-challenger/src/hooks/useGetRepos.tsx","statementMap":{"0":{"start":{"line":12,"column":20},"end":{"line":38,"column":null}},"1":{"start":{"line":13,"column":34},"end":{"line":13,"column":null}},"2":{"start":{"line":14,"column":30},"end":{"line":14,"column":null}},"3":{"start":{"line":15,"column":28},"end":{"line":15,"column":null}},"4":{"start":{"line":17,"column":27},"end":{"line":28,"column":null}},"5":{"start":{"line":18,"column":8},"end":{"line":18,"column":null}},"6":{"start":{"line":19,"column":8},"end":{"line":27,"column":null}},"7":{"start":{"line":20,"column":33},"end":{"line":20,"column":null}},"8":{"start":{"line":21,"column":12},"end":{"line":21,"column":null}},"9":{"start":{"line":22,"column":12},"end":{"line":22,"column":null}},"10":{"start":{"line":24,"column":12},"end":{"line":24,"column":null}},"11":{"start":{"line":26,"column":12},"end":{"line":26,"column":null}},"12":{"start":{"line":30,"column":4},"end":{"line":35,"column":null}},"13":{"start":{"line":31,"column":8},"end":{"line":31,"column":null}},"14":{"start":{"line":32,"column":8},"end":{"line":34,"column":null}},"15":{"start":{"line":33,"column":12},"end":{"line":33,"column":null}},"16":{"start":{"line":37,"column":4},"end":{"line":37,"column":null}}},"fnMap":{"0":{"name":"(anonymous_0)","decl":{"start":{"line":12,"column":20},"end":{"line":12,"column":21}},"loc":{"start":{"line":12,"column":61},"end":{"line":38,"column":null}}},"1":{"name":"(anonymous_1)","decl":{"start":{"line":17,"column":39},"end":{"line":17,"column":51}},"loc":{"start":{"line":17,"column":51},"end":{"line":28,"column":7}}},"2":{"name":"(anonymous_2)","decl":{"start":{"line":30,"column":14},"end":{"line":30,"column":20}},"loc":{"start":{"line":30,"column":20},"end":{"line":35,"column":7}}},"3":{"name":"(anonymous_3)","decl":{"start":{"line":32,"column":15},"end":{"line":32,"column":21}},"loc":{"start":{"line":32,"column":21},"end":{"line":34,"column":null}}}},"branchMap":{},"s":{"0":0,"1":0,"2":0,"3":0,"4":0,"5":0,"6":0,"7":0,"8":0,"9":0,"10":0,"11":0,"12":0,"13":0,"14":0,"15":0,"16":0},"f":{"0":0,"1":0,"2":0,"3":0},"b":{}}
,"D:/codeGroup-challenger/src/hooks/useGetUser.tsx": {"path":"D:/codeGroup-challenger/src/hooks/useGetUser.tsx","statementMap":{"0":{"start":{"line":12,"column":19},"end":{"line":44,"column":null}},"1":{"start":{"line":13,"column":34},"end":{"line":13,"column":null}},"2":{"start":{"line":14,"column":30},"end":{"line":14,"column":null}},"3":{"start":{"line":15,"column":28},"end":{"line":15,"column":null}},"4":{"start":{"line":17,"column":26},"end":{"line":31,"column":null}},"5":{"start":{"line":18,"column":8},"end":{"line":18,"column":null}},"6":{"start":{"line":19,"column":8},"end":{"line":30,"column":null}},"7":{"start":{"line":20,"column":12},"end":{"line":24,"column":null}},"8":{"start":{"line":21,"column":37},"end":{"line":21,"column":null}},"9":{"start":{"line":22,"column":16},"end":{"line":22,"column":null}},"10":{"start":{"line":23,"column":16},"end":{"line":23,"column":null}},"11":{"start":{"line":25,"column":12},"end":{"line":25,"column":null}},"12":{"start":{"line":27,"column":12},"end":{"line":27,"column":null}},"13":{"start":{"line":29,"column":12},"end":{"line":29,"column":null}},"14":{"start":{"line":33,"column":4},"end":{"line":41,"column":null}},"15":{"start":{"line":34,"column":8},"end":{"line":36,"column":null}},"16":{"start":{"line":35,"column":12},"end":{"line":35,"column":null}},"17":{"start":{"line":38,"column":8},"end":{"line":40,"column":null}},"18":{"start":{"line":39,"column":12},"end":{"line":39,"column":null}},"19":{"start":{"line":43,"column":4},"end":{"line":43,"column":null}}},"fnMap":{"0":{"name":"(anonymous_0)","decl":{"start":{"line":12,"column":19},"end":{"line":12,"column":20}},"loc":{"start":{"line":12,"column":71},"end":{"line":44,"column":null}}},"1":{"name":"(anonymous_1)","decl":{"start":{"line":17,"column":38},"end":{"line":17,"column":50}},"loc":{"start":{"line":17,"column":50},"end":{"line":31,"column":7}}},"2":{"name":"(anonymous_2)","decl":{"start":{"line":33,"column":14},"end":{"line":33,"column":20}},"loc":{"start":{"line":33,"column":20},"end":{"line":41,"column":7}}},"3":{"name":"(anonymous_3)","decl":{"start":{"line":38,"column":15},"end":{"line":38,"column":21}},"loc":{"start":{"line":38,"column":21},"end":{"line":40,"column":null}}}},"branchMap":{"0":{"loc":{"start":{"line":20,"column":12},"end":{"line":24,"column":null}},"type":"if","locations":[{"start":{"line":20,"column":12},"end":{"line":24,"column":null}},{"start":{"line":20,"column":12},"end":{"line":24,"column":null}}]},"1":{"loc":{"start":{"line":34,"column":8},"end":{"line":36,"column":null}},"type":"if","locations":[{"start":{"line":34,"column":8},"end":{"line":36,"column":null}},{"start":{"line":34,"column":8},"end":{"line":36,"column":null}}]}},"s":{"0":0,"1":0,"2":0,"3":0,"4":0,"5":0,"6":0,"7":0,"8":0,"9":0,"10":0,"11":0,"12":0,"13":0,"14":0,"15":0,"16":0,"17":0,"18":0,"19":0},"f":{"0":0,"1":0,"2":0,"3":0},"b":{"0":[0,0],"1":[0,0]}}
,"D:/codeGroup-challenger/src/hooks/useMain.ts": {"path":"D:/codeGroup-challenger/src/hooks/useMain.ts","statementMap":{"0":{"start":{"line":5,"column":30},"end":{"line":8,"column":null}},"1":{"start":{"line":6,"column":20},"end":{"line":6,"column":null}},"2":{"start":{"line":7,"column":4},"end":{"line":7,"column":null}}},"fnMap":{"0":{"name":"(anonymous_0)","decl":{"start":{"line":5,"column":30},"end":{"line":5,"column":36}},"loc":{"start":{"line":5,"column":36},"end":{"line":8,"column":null}}}},"branchMap":{},"s":{"0":3,"1":15,"2":15},"f":{"0":15},"b":{}}
,"D:/codeGroup-challenger/src/routes/routes.tsx": {"path":"D:/codeGroup-challenger/src/routes/routes.tsx","statementMap":{"0":{"start":{"line":3,"column":18},"end":{"line":38,"column":null}},"1":{"start":{"line":5,"column":19},"end":{"line":36,"column":null}},"2":{"start":{"line":9,"column":35},"end":{"line":9,"column":null}},"3":{"start":{"line":10,"column":16},"end":{"line":10,"column":null}},"4":{"start":{"line":16,"column":45},"end":{"line":16,"column":null}},"5":{"start":{"line":17,"column":24},"end":{"line":17,"column":null}},"6":{"start":{"line":23,"column":49},"end":{"line":23,"column":null}},"7":{"start":{"line":24,"column":24},"end":{"line":24,"column":null}},"8":{"start":{"line":30,"column":51},"end":{"line":30,"column":null}},"9":{"start":{"line":31,"column":24},"end":{"line":31,"column":null}},"10":{"start":{"line":37,"column":4},"end":{"line":37,"column":null}}},"fnMap":{"0":{"name":"(anonymous_0)","decl":{"start":{"line":3,"column":18},"end":{"line":3,"column":24}},"loc":{"start":{"line":3,"column":24},"end":{"line":38,"column":null}}},"1":{"name":"(anonymous_1)","decl":{"start":{"line":8,"column":12},"end":{"line":8,"column":18}},"loc":{"start":{"line":8,"column":25},"end":{"line":11,"column":null}}},"2":{"name":"(anonymous_2)","decl":{"start":{"line":15,"column":20},"end":{"line":15,"column":26}},"loc":{"start":{"line":15,"column":33},"end":{"line":18,"column":null}}},"3":{"name":"(anonymous_3)","decl":{"start":{"line":22,"column":20},"end":{"line":22,"column":26}},"loc":{"start":{"line":22,"column":33},"end":{"line":25,"column":null}}},"4":{"name":"(anonymous_4)","decl":{"start":{"line":29,"column":20},"end":{"line":29,"column":26}},"loc":{"start":{"line":29,"column":33},"end":{"line":32,"column":null}}}},"branchMap":{},"s":{"0":0,"1":0,"2":0,"3":0,"4":0,"5":0,"6":0,"7":0,"8":0,"9":0,"10":0},"f":{"0":0,"1":0,"2":0,"3":0,"4":0},"b":{}}
,"D:/codeGroup-challenger/src/services/baseUrl.ts": {"path":"D:/codeGroup-challenger/src/services/baseUrl.ts","statementMap":{"0":{"start":{"line":1,"column":23},"end":{"line":1,"column":null}}},"fnMap":{},"branchMap":{},"s":{"0":0},"f":{},"b":{}}
,"D:/codeGroup-challenger/src/services/fetchRepoDetail.ts": {"path":"D:/codeGroup-challenger/src/services/fetchRepoDetail.ts","statementMap":{"0":{"start":{"line":4,"column":31},"end":{"line":14,"column":null}},"1":{"start":{"line":5,"column":18},"end":{"line":5,"column":null}},"2":{"start":{"line":6,"column":21},"end":{"line":11,"column":null}},"3":{"start":{"line":12,"column":41},"end":{"line":12,"column":null}},"4":{"start":{"line":13,"column":4},"end":{"line":13,"column":null}}},"fnMap":{"0":{"name":"(anonymous_0)","decl":{"start":{"line":4,"column":31},"end":{"line":4,"column":38}},"loc":{"start":{"line":4,"column":59},"end":{"line":14,"column":null}}}},"branchMap":{},"s":{"0":0,"1":0,"2":0,"3":0,"4":0},"f":{"0":0},"b":{}}
,"D:/codeGroup-challenger/src/services/fetchRepos.ts": {"path":"D:/codeGroup-challenger/src/services/fetchRepos.ts","statementMap":{"0":{"start":{"line":4,"column":26},"end":{"line":14,"column":null}},"1":{"start":{"line":5,"column":18},"end":{"line":5,"column":null}},"2":{"start":{"line":6,"column":21},"end":{"line":11,"column":null}},"3":{"start":{"line":12,"column":35},"end":{"line":12,"column":null}},"4":{"start":{"line":13,"column":4},"end":{"line":13,"column":null}}},"fnMap":{"0":{"name":"(anonymous_0)","decl":{"start":{"line":4,"column":26},"end":{"line":4,"column":33}},"loc":{"start":{"line":4,"column":54},"end":{"line":14,"column":null}}}},"branchMap":{},"s":{"0":0,"1":0,"2":0,"3":0,"4":0},"f":{"0":0},"b":{}}
,"D:/codeGroup-challenger/src/services/fetchUser.ts": {"path":"D:/codeGroup-challenger/src/services/fetchUser.ts","statementMap":{"0":{"start":{"line":4,"column":25},"end":{"line":14,"column":null}},"1":{"start":{"line":5,"column":18},"end":{"line":5,"column":null}},"2":{"start":{"line":6,"column":21},"end":{"line":11,"column":null}},"3":{"start":{"line":12,"column":35},"end":{"line":12,"column":null}},"4":{"start":{"line":13,"column":4},"end":{"line":13,"column":null}}},"fnMap":{"0":{"name":"(anonymous_0)","decl":{"start":{"line":4,"column":25},"end":{"line":4,"column":32}},"loc":{"start":{"line":4,"column":53},"end":{"line":14,"column":null}}}},"branchMap":{},"s":{"0":0,"1":0,"2":0,"3":0,"4":0},"f":{"0":0},"b":{}}
,"D:/codeGroup-challenger/src/styles/globalStyles.ts": {"path":"D:/codeGroup-challenger/src/styles/globalStyles.ts","statementMap":{"0":{"start":{"line":3,"column":21},"end":{"line":3,"column":null}}},"fnMap":{},"branchMap":{},"s":{"0":0},"f":{},"b":{}}
,"D:/codeGroup-challenger/src/ui/components/ButtonLink/ButtonLink.tsx": {"path":"D:/codeGroup-challenger/src/ui/components/ButtonLink/ButtonLink.tsx","statementMap":{"0":{"start":{"line":12,"column":19},"end":{"line":18,"column":null}},"1":{"start":{"line":13,"column":4},"end":{"line":16,"column":null}}},"fnMap":{"0":{"name":"(anonymous_0)","decl":{"start":{"line":12,"column":19},"end":{"line":12,"column":20}},"loc":{"start":{"line":12,"column":80},"end":{"line":18,"column":null}}}},"branchMap":{"0":{"loc":{"start":{"line":15,"column":13},"end":{"line":15,"column":null}},"type":"binary-expr","locations":[{"start":{"line":15,"column":13},"end":{"line":15,"column":21}},{"start":{"line":15,"column":21},"end":{"line":15,"column":null}}]}},"s":{"0":1,"1":0},"f":{"0":0},"b":{"0":[0,0]}}
,"D:/codeGroup-challenger/src/ui/components/ButtonLink/styles.ts": {"path":"D:/codeGroup-challenger/src/ui/components/ButtonLink/styles.ts","statementMap":{"0":{"start":{"line":5,"column":26},"end":{"line":5,"column":null}}},"fnMap":{},"branchMap":{},"s":{"0":1},"f":{},"b":{}}
,"D:/codeGroup-challenger/src/ui/components/Loading/Loading.tsx": {"path":"D:/codeGroup-challenger/src/ui/components/Loading/Loading.tsx","statementMap":{"0":{"start":{"line":7,"column":23},"end":{"line":29,"column":null}},"1":{"start":{"line":9,"column":4},"end":{"line":27,"column":null}}},"fnMap":{"0":{"name":"(anonymous_0)","decl":{"start":{"line":7,"column":23},"end":{"line":7,"column":24}},"loc":{"start":{"line":7,"column":55},"end":{"line":29,"column":null}}}},"branchMap":{"0":{"loc":{"start":{"line":21,"column":21},"end":{"line":21,"column":null}},"type":"cond-expr","locations":[{"start":{"line":21,"column":32},"end":{"line":21,"column":41}},{"start":{"line":21,"column":41},"end":{"line":21,"column":null}}]}},"s":{"0":0,"1":0},"f":{"0":0},"b":{"0":[0,0]}}
,"D:/codeGroup-challenger/src/ui/components/RepoDetail/RepoDetail.tsx": {"path":"D:/codeGroup-challenger/src/ui/components/RepoDetail/RepoDetail.tsx","statementMap":{"0":{"start":{"line":13,"column":19},"end":{"line":34,"column":null}},"1":{"start":{"line":20,"column":4},"end":{"line":32,"column":null}}},"fnMap":{"0":{"name":"(anonymous_0)","decl":{"start":{"line":13,"column":19},"end":{"line":13,"column":20}},"loc":{"start":{"line":19,"column":22},"end":{"line":34,"column":null}}}},"branchMap":{},"s":{"0":1,"1":5},"f":{"0":5},"b":{}}
,"D:/codeGroup-challenger/src/ui/components/RepoDetail/styles.ts": {"path":"D:/codeGroup-challenger/src/ui/components/RepoDetail/styles.ts","statementMap":{"0":{"start":{"line":3,"column":25},"end":{"line":3,"column":null}},"1":{"start":{"line":25,"column":22},"end":{"line":25,"column":null}},"2":{"start":{"line":30,"column":23},"end":{"line":30,"column":null}},"3":{"start":{"line":42,"column":23},"end":{"line":42,"column":null}},"4":{"start":{"line":46,"column":26},"end":{"line":46,"column":null}},"5":{"start":{"line":60,"column":20},"end":{"line":60,"column":null}}},"fnMap":{},"branchMap":{},"s":{"0":1,"1":1,"2":1,"3":1,"4":1,"5":1},"f":{},"b":{}}
,"D:/codeGroup-challenger/src/ui/components/RepoItem/RepoItem.tsx": {"path":"D:/codeGroup-challenger/src/ui/components/RepoItem/RepoItem.tsx","statementMap":{"0":{"start":{"line":13,"column":17},"end":{"line":35,"column":null}},"1":{"start":{"line":19,"column":28},"end":{"line":19,"column":null}},"2":{"start":{"line":21,"column":24},"end":{"line":23,"column":null}},"3":{"start":{"line":22,"column":8},"end":{"line":22,"column":null}},"4":{"start":{"line":25,"column":4},"end":{"line":33,"column":null}}},"fnMap":{"0":{"name":"(anonymous_0)","decl":{"start":{"line":13,"column":17},"end":{"line":13,"column":18}},"loc":{"start":{"line":17,"column":20},"end":{"line":35,"column":null}}},"1":{"name":"(anonymous_1)","decl":{"start":{"line":21,"column":24},"end":{"line":21,"column":30}},"loc":{"start":{"line":21,"column":30},"end":{"line":23,"column":null}}}},"branchMap":{},"s":{"0":2,"1":12,"2":12,"3":1,"4":12},"f":{"0":12,"1":1},"b":{}}
,"D:/codeGroup-challenger/src/ui/components/RepoItem/styles.ts": {"path":"D:/codeGroup-challenger/src/ui/components/RepoItem/styles.ts","statementMap":{"0":{"start":{"line":4,"column":22},"end":{"line":4,"column":null}},"1":{"start":{"line":31,"column":22},"end":{"line":31,"column":null}},"2":{"start":{"line":42,"column":23},"end":{"line":42,"column":null}},"3":{"start":{"line":54,"column":23},"end":{"line":54,"column":null}},"4":{"start":{"line":58,"column":26},"end":{"line":58,"column":null}}},"fnMap":{},"branchMap":{},"s":{"0":2,"1":2,"2":2,"3":2,"4":2},"f":{},"b":{}}
,"D:/codeGroup-challenger/src/ui/components/RepoList/RepoList.tsx": {"path":"D:/codeGroup-challenger/src/ui/components/RepoList/RepoList.tsx","statementMap":{"0":{"start":{"line":12,"column":17},"end":{"line":37,"column":null}},"1":{"start":{"line":13,"column":36},"end":{"line":13,"column":null}},"2":{"start":{"line":15,"column":23},"end":{"line":25,"column":null}},"3":{"start":{"line":16,"column":8},"end":{"line":16,"column":null}},"4":{"start":{"line":16,"column":34},"end":{"line":16,"column":null}},"5":{"start":{"line":17,"column":27},"end":{"line":17,"column":null}},"6":{"start":{"line":18,"column":8},"end":{"line":23,"column":null}},"7":{"start":{"line":20,"column":16},"end":{"line":20,"column":null}},"8":{"start":{"line":27,"column":27},"end":{"line":29,"column":null}},"9":{"start":{"line":28,"column":8},"end":{"line":28,"column":null}},"10":{"start":{"line":31,"column":4},"end":{"line":35,"column":null}}},"fnMap":{"0":{"name":"(anonymous_0)","decl":{"start":{"line":12,"column":17},"end":{"line":12,"column":18}},"loc":{"start":{"line":12,"column":55},"end":{"line":37,"column":null}}},"1":{"name":"(anonymous_1)","decl":{"start":{"line":15,"column":23},"end":{"line":15,"column":29}},"loc":{"start":{"line":15,"column":29},"end":{"line":25,"column":null}}},"2":{"name":"(anonymous_2)","decl":{"start":{"line":19,"column":28},"end":{"line":19,"column":29}},"loc":{"start":{"line":20,"column":16},"end":{"line":20,"column":null}}},"3":{"name":"(anonymous_3)","decl":{"start":{"line":27,"column":27},"end":{"line":27,"column":33}},"loc":{"start":{"line":27,"column":33},"end":{"line":29,"column":null}}}},"branchMap":{"0":{"loc":{"start":{"line":16,"column":8},"end":{"line":16,"column":null}},"type":"if","locations":[{"start":{"line":16,"column":8},"end":{"line":16,"column":null}},{"start":{"line":16,"column":8},"end":{"line":16,"column":null}}]},"1":{"loc":{"start":{"line":16,"column":41},"end":{"line":16,"column":null}},"type":"binary-expr","locations":[{"start":{"line":16,"column":41},"end":{"line":16,"column":53}},{"start":{"line":16,"column":53},"end":{"line":16,"column":null}}]},"2":{"loc":{"start":{"line":18,"column":15},"end":{"line":23,"column":null}},"type":"cond-expr","locations":[{"start":{"line":19,"column":12},"end":{"line":21,"column":null}},{"start":{"line":23,"column":12},"end":{"line":23,"column":null}}]},"3":{"loc":{"start":{"line":23,"column":12},"end":{"line":23,"column":null}},"type":"binary-expr","locations":[{"start":{"line":23,"column":12},"end":{"line":23,"column":24}},{"start":{"line":23,"column":24},"end":{"line":23,"column":null}}]},"4":{"loc":{"start":{"line":33,"column":70},"end":{"line":33,"column":117}},"type":"cond-expr","locations":[{"start":{"line":33,"column":81},"end":{"line":33,"column":99}},{"start":{"line":33,"column":99},"end":{"line":33,"column":117}}]}},"s":{"0":1,"1":5,"2":5,"3":5,"4":1,"5":4,"6":4,"7":9,"8":5,"9":1,"10":5},"f":{"0":5,"1":5,"2":9,"3":1},"b":{"0":[1,4],"1":[1,1],"2":[3,1],"3":[1,1],"4":[1,4]}}
,"D:/codeGroup-challenger/src/ui/components/RepoList/styles.ts": {"path":"D:/codeGroup-challenger/src/ui/components/RepoList/styles.ts","statementMap":{"0":{"start":{"line":3,"column":25},"end":{"line":3,"column":null}},"1":{"start":{"line":9,"column":25},"end":{"line":9,"column":null}},"2":{"start":{"line":19,"column":22},"end":{"line":19,"column":null}}},"fnMap":{},"branchMap":{},"s":{"0":1,"1":1,"2":1},"f":{},"b":{}}
,"D:/codeGroup-challenger/src/ui/components/Search/Search.tsx": {"path":"D:/codeGroup-challenger/src/ui/components/Search/Search.tsx","statementMap":{"0":{"start":{"line":10,"column":15},"end":{"line":30,"column":null}},"1":{"start":{"line":11,"column":26},"end":{"line":11,"column":null}},"2":{"start":{"line":12,"column":28},"end":{"line":12,"column":null}},"3":{"start":{"line":14,"column":25},"end":{"line":19,"column":null}},"4":{"start":{"line":15,"column":8},"end":{"line":15,"column":null}},"5":{"start":{"line":16,"column":8},"end":{"line":16,"column":null}},"6":{"start":{"line":17,"column":8},"end":{"line":17,"column":null}},"7":{"start":{"line":18,"column":8},"end":{"line":18,"column":null}},"8":{"start":{"line":21,"column":4},"end":{"line":28,"column":null}},"9":{"start":{"line":25,"column":69},"end":{"line":25,"column":98}}},"fnMap":{"0":{"name":"(anonymous_0)","decl":{"start":{"line":10,"column":15},"end":{"line":10,"column":16}},"loc":{"start":{"line":10,"column":64},"end":{"line":30,"column":null}}},"1":{"name":"(anonymous_1)","decl":{"start":{"line":14,"column":37},"end":{"line":14,"column":38}},"loc":{"start":{"line":14,"column":82},"end":{"line":19,"column":7}}},"2":{"name":"(anonymous_2)","decl":{"start":{"line":25,"column":60},"end":{"line":25,"column":69}},"loc":{"start":{"line":25,"column":69},"end":{"line":25,"column":98}}}},"branchMap":{},"s":{"0":1,"1":3,"2":3,"3":3,"4":1,"5":1,"6":1,"7":1,"8":3,"9":1},"f":{"0":3,"1":1,"2":1},"b":{}}
,"D:/codeGroup-challenger/src/ui/components/Search/styles.ts": {"path":"D:/codeGroup-challenger/src/ui/components/Search/styles.ts","statementMap":{"0":{"start":{"line":3,"column":25},"end":{"line":3,"column":null}},"1":{"start":{"line":17,"column":21},"end":{"line":17,"column":null}},"2":{"start":{"line":37,"column":21},"end":{"line":37,"column":null}},"3":{"start":{"line":54,"column":22},"end":{"line":54,"column":null}},"4":{"start":{"line":71,"column":29},"end":{"line":71,"column":null}}},"fnMap":{},"branchMap":{},"s":{"0":1,"1":1,"2":1,"3":1,"4":1},"f":{},"b":{}}
,"D:/codeGroup-challenger/src/ui/components/Title/Title.tsx": {"path":"D:/codeGroup-challenger/src/ui/components/Title/Title.tsx","statementMap":{"0":{"start":{"line":8,"column":21},"end":{"line":13,"column":null}},"1":{"start":{"line":10,"column":4},"end":{"line":11,"column":null}}},"fnMap":{"0":{"name":"(anonymous_0)","decl":{"start":{"line":8,"column":21},"end":{"line":8,"column":22}},"loc":{"start":{"line":8,"column":49},"end":{"line":13,"column":null}}}},"branchMap":{},"s":{"0":1,"1":1},"f":{"0":1},"b":{}}
,"D:/codeGroup-challenger/src/ui/components/Title/styles.ts": {"path":"D:/codeGroup-challenger/src/ui/components/Title/styles.ts","statementMap":{"0":{"start":{"line":3,"column":21},"end":{"line":3,"column":null}}},"fnMap":{},"branchMap":{},"s":{"0":1},"f":{},"b":{}}
,"D:/codeGroup-challenger/src/ui/components/User/User.tsx": {"path":"D:/codeGroup-challenger/src/ui/components/User/User.tsx","statementMap":{"0":{"start":{"line":15,"column":13},"end":{"line":39,"column":null}},"1":{"start":{"line":23,"column":4},"end":{"line":37,"column":null}}},"fnMap":{"0":{"name":"(anonymous_0)","decl":{"start":{"line":15,"column":13},"end":{"line":15,"column":14}},"loc":{"start":{"line":22,"column":16},"end":{"line":39,"column":null}}}},"branchMap":{"0":{"loc":{"start":{"line":32,"column":17},"end":{"line":32,"column":null}},"type":"cond-expr","locations":[{"start":{"line":32,"column":25},"end":{"line":32,"column":42}},{"start":{"line":32,"column":42},"end":{"line":32,"column":null}}]}},"s":{"0":1,"1":0},"f":{"0":0},"b":{"0":[0,0]}}
,"D:/codeGroup-challenger/src/ui/components/User/styles.ts": {"path":"D:/codeGroup-challenger/src/ui/components/User/styles.ts","statementMap":{"0":{"start":{"line":3,"column":25},"end":{"line":3,"column":null}},"1":{"start":{"line":23,"column":23},"end":{"line":23,"column":null}},"2":{"start":{"line":36,"column":22},"end":{"line":36,"column":null}},"3":{"start":{"line":48,"column":20},"end":{"line":48,"column":null}},"4":{"start":{"line":57,"column":23},"end":{"line":57,"column":null}},"5":{"start":{"line":69,"column":23},"end":{"line":69,"column":null}}},"fnMap":{},"branchMap":{},"s":{"0":1,"1":1,"2":1,"3":1,"4":1,"5":1},"f":{},"b":{}}
,"D:/codeGroup-challenger/src/ui/pages/HomePage/HomePage.tsx": {"path":"D:/codeGroup-challenger/src/ui/pages/HomePage/HomePage.tsx","statementMap":{"0":{"start":{"line":5,"column":24},"end":{"line":15,"column":null}},"1":{"start":{"line":6,"column":36},"end":{"line":6,"column":null}},"2":{"start":{"line":7,"column":24},"end":{"line":7,"column":null}},"3":{"start":{"line":7,"column":51},"end":{"line":7,"column":null}},"4":{"start":{"line":8,"column":25},"end":{"line":8,"column":null}},"5":{"start":{"line":9,"column":4},"end":{"line":13,"column":null}}},"fnMap":{"0":{"name":"(anonymous_0)","decl":{"start":{"line":5,"column":24},"end":{"line":5,"column":30}},"loc":{"start":{"line":5,"column":30},"end":{"line":15,"column":null}}},"1":{"name":"(anonymous_1)","decl":{"start":{"line":7,"column":24},"end":{"line":7,"column":25}},"loc":{"start":{"line":7,"column":51},"end":{"line":7,"column":null}}}},"branchMap":{},"s":{"0":0,"1":0,"2":0,"3":0,"4":0,"5":0},"f":{"0":0,"1":0},"b":{}}
,"D:/codeGroup-challenger/src/ui/pages/RepoDetailPage/RepoDetailPage.tsx": {"path":"D:/codeGroup-challenger/src/ui/pages/RepoDetailPage/RepoDetailPage.tsx","statementMap":{"0":{"start":{"line":5,"column":30},"end":{"line":12,"column":null}},"1":{"start":{"line":6,"column":25},"end":{"line":6,"column":null}},"2":{"start":{"line":7,"column":26},"end":{"line":7,"column":null}},"3":{"start":{"line":9,"column":4},"end":{"line":10,"column":null}}},"fnMap":{"0":{"name":"(anonymous_0)","decl":{"start":{"line":5,"column":30},"end":{"line":5,"column":36}},"loc":{"start":{"line":5,"column":36},"end":{"line":12,"column":null}}}},"branchMap":{},"s":{"0":0,"1":0,"2":0,"3":0},"f":{"0":0},"b":{}}
,"D:/codeGroup-challenger/src/ui/pages/RepoListPage/RepoListPage.tsx": {"path":"D:/codeGroup-challenger/src/ui/pages/RepoListPage/RepoListPage.tsx","statementMap":{"0":{"start":{"line":6,"column":28},"end":{"line":13,"column":null}},"1":{"start":{"line":7,"column":25},"end":{"line":7,"column":null}},"2":{"start":{"line":8,"column":26},"end":{"line":8,"column":null}},"3":{"start":{"line":10,"column":4},"end":{"line":11,"column":null}}},"fnMap":{"0":{"name":"(anonymous_0)","decl":{"start":{"line":6,"column":28},"end":{"line":6,"column":34}},"loc":{"start":{"line":6,"column":34},"end":{"line":13,"column":null}}}},"branchMap":{},"s":{"0":0,"1":0,"2":0,"3":0},"f":{"0":0},"b":{}}
,"D:/codeGroup-challenger/src/ui/templates/HomeTemplate/HomeTemplate.tsx": {"path":"D:/codeGroup-challenger/src/ui/templates/HomeTemplate/HomeTemplate.tsx","statementMap":{"0":{"start":{"line":13,"column":21},"end":{"line":24,"column":null}},"1":{"start":{"line":14,"column":50},"end":{"line":14,"column":null}},"2":{"start":{"line":15,"column":4},"end":{"line":22,"column":null}}},"fnMap":{"0":{"name":"(anonymous_0)","decl":{"start":{"line":13,"column":21},"end":{"line":13,"column":22}},"loc":{"start":{"line":13,"column":73},"end":{"line":24,"column":null}}}},"branchMap":{"0":{"loc":{"start":{"line":19,"column":13},"end":{"line":19,"column":null}},"type":"binary-expr","locations":[{"start":{"line":19,"column":13},"end":{"line":19,"column":22}},{"start":{"line":19,"column":22},"end":{"line":19,"column":null}}]},"1":{"loc":{"start":{"line":20,"column":13},"end":{"line":20,"column":null}},"type":"binary-expr","locations":[{"start":{"line":20,"column":13},"end":{"line":20,"column":21}},{"start":{"line":20,"column":21},"end":{"line":20,"column":null}}]},"2":{"loc":{"start":{"line":21,"column":13},"end":{"line":21,"column":null}},"type":"binary-expr","locations":[{"start":{"line":21,"column":13},"end":{"line":21,"column":24}},{"start":{"line":21,"column":24},"end":{"line":21,"column":null}}]}},"s":{"0":0,"1":0,"2":0},"f":{"0":0},"b":{"0":[0,0],"1":[0,0],"2":[0,0]}}
,"D:/codeGroup-challenger/src/ui/templates/HomeTemplate/styles.ts": {"path":"D:/codeGroup-challenger/src/ui/templates/HomeTemplate/styles.ts","statementMap":{"0":{"start":{"line":4,"column":25},"end":{"line":4,"column":null}},"1":{"start":{"line":13,"column":20},"end":{"line":13,"column":null}},"2":{"start":{"line":22,"column":26},"end":{"line":22,"column":null}}},"fnMap":{},"branchMap":{},"s":{"0":0,"1":0,"2":0},"f":{},"b":{}}
,"D:/codeGroup-challenger/src/ui/templates/Layout/Layout.tsx": {"path":"D:/codeGroup-challenger/src/ui/templates/Layout/Layout.tsx","statementMap":{"0":{"start":{"line":5,"column":22},"end":{"line":13,"column":null}},"1":{"start":{"line":7,"column":4},"end":{"line":11,"column":null}}},"fnMap":{"0":{"name":"(anonymous_0)","decl":{"start":{"line":5,"column":22},"end":{"line":5,"column":28}},"loc":{"start":{"line":5,"column":28},"end":{"line":13,"column":null}}}},"branchMap":{},"s":{"0":0,"1":0},"f":{"0":0},"b":{}}
,"D:/codeGroup-challenger/src/ui/templates/Layout/styles.ts": {"path":"D:/codeGroup-challenger/src/ui/templates/Layout/styles.ts","statementMap":{"0":{"start":{"line":3,"column":25},"end":{"line":3,"column":null}},"1":{"start":{"line":8,"column":23},"end":{"line":8,"column":null}},"2":{"start":{"line":19,"column":21},"end":{"line":19,"column":null}},"3":{"start":{"line":32,"column":20},"end":{"line":32,"column":null}}},"fnMap":{},"branchMap":{},"s":{"0":0,"1":0,"2":0,"3":0},"f":{},"b":{}}
,"D:/codeGroup-challenger/src/ui/templates/RepoDetailTemplate/RepoDetailTemplate.tsx": {"path":"D:/codeGroup-challenger/src/ui/templates/RepoDetailTemplate/RepoDetailTemplate.tsx","statementMap":{"0":{"start":{"line":10,"column":27},"end":{"line":22,"column":null}},"1":{"start":{"line":11,"column":4},"end":{"line":20,"column":null}}},"fnMap":{"0":{"name":"(anonymous_0)","decl":{"start":{"line":10,"column":27},"end":{"line":10,"column":28}},"loc":{"start":{"line":10,"column":82},"end":{"line":22,"column":null}}}},"branchMap":{"0":{"loc":{"start":{"line":14,"column":13},"end":{"line":14,"column":null}},"type":"binary-expr","locations":[{"start":{"line":14,"column":13},"end":{"line":14,"column":22}},{"start":{"line":14,"column":22},"end":{"line":14,"column":null}}]},"1":{"loc":{"start":{"line":15,"column":13},"end":{"line":17,"column":null}},"type":"binary-expr","locations":[{"start":{"line":15,"column":13},"end":{"line":15,"column":21}},{"start":{"line":15,"column":21},"end":{"line":17,"column":null}}]},"2":{"loc":{"start":{"line":18,"column":13},"end":{"line":18,"column":null}},"type":"binary-expr","locations":[{"start":{"line":18,"column":13},"end":{"line":18,"column":24}},{"start":{"line":18,"column":24},"end":{"line":18,"column":null}}]}},"s":{"0":0,"1":0},"f":{"0":0},"b":{"0":[0,0],"1":[0,0],"2":[0,0]}}
,"D:/codeGroup-challenger/src/ui/templates/RepoDetailTemplate/styles.ts": {"path":"D:/codeGroup-challenger/src/ui/templates/RepoDetailTemplate/styles.ts","statementMap":{"0":{"start":{"line":3,"column":25},"end":{"line":3,"column":null}},"1":{"start":{"line":15,"column":21},"end":{"line":15,"column":null}}},"fnMap":{},"branchMap":{},"s":{"0":0,"1":0},"f":{},"b":{}}
,"D:/codeGroup-challenger/src/ui/templates/RepoListTemplate/RepoListTemplate.tsx": {"path":"D:/codeGroup-challenger/src/ui/templates/RepoListTemplate/RepoListTemplate.tsx","statementMap":{"0":{"start":{"line":10,"column":25},"end":{"line":20,"column":null}},"1":{"start":{"line":11,"column":4},"end":{"line":18,"column":null}}},"fnMap":{"0":{"name":"(anonymous_0)","decl":{"start":{"line":10,"column":25},"end":{"line":10,"column":26}},"loc":{"start":{"line":10,"column":78},"end":{"line":20,"column":null}}}},"branchMap":{"0":{"loc":{"start":{"line":14,"column":13},"end":{"line":14,"column":null}},"type":"binary-expr","locations":[{"start":{"line":14,"column":13},"end":{"line":14,"column":22}},{"start":{"line":14,"column":22},"end":{"line":14,"column":null}}]},"1":{"loc":{"start":{"line":15,"column":13},"end":{"line":15,"column":null}},"type":"binary-expr","locations":[{"start":{"line":15,"column":13},"end":{"line":15,"column":21}},{"start":{"line":15,"column":21},"end":{"line":15,"column":null}}]},"2":{"loc":{"start":{"line":16,"column":13},"end":{"line":16,"column":null}},"type":"binary-expr","locations":[{"start":{"line":16,"column":13},"end":{"line":16,"column":24}},{"start":{"line":16,"column":24},"end":{"line":16,"column":null}}]}},"s":{"0":0,"1":0},"f":{"0":0},"b":{"0":[0,0],"1":[0,0],"2":[0,0]}}
,"D:/codeGroup-challenger/src/ui/templates/RepoListTemplate/styles.ts": {"path":"D:/codeGroup-challenger/src/ui/templates/RepoListTemplate/styles.ts","statementMap":{"0":{"start":{"line":3,"column":25},"end":{"line":3,"column":null}}},"fnMap":{},"branchMap":{},"s":{"0":0},"f":{},"b":{}}
,"D:/codeGroup-challenger/src/utils/index.ts": {"path":"D:/codeGroup-challenger/src/utils/index.ts","statementMap":{"0":{"start":{"line":3,"column":32},"end":{"line":5,"column":null}},"1":{"start":{"line":4,"column":4},"end":{"line":4,"column":null}},"2":{"start":{"line":4,"column":42},"end":{"line":4,"column":81}},"3":{"start":{"line":4,"column":105},"end":{"line":4,"column":144}}},"fnMap":{"0":{"name":"(anonymous_0)","decl":{"start":{"line":3,"column":32},"end":{"line":3,"column":33}},"loc":{"start":{"line":3,"column":78},"end":{"line":5,"column":null}}},"1":{"name":"(anonymous_1)","decl":{"start":{"line":4,"column":32},"end":{"line":4,"column":33}},"loc":{"start":{"line":4,"column":42},"end":{"line":4,"column":81}}},"2":{"name":"(anonymous_2)","decl":{"start":{"line":4,"column":95},"end":{"line":4,"column":96}},"loc":{"start":{"line":4,"column":105},"end":{"line":4,"column":144}}}},"branchMap":{"0":{"loc":{"start":{"line":4,"column":11},"end":{"line":4,"column":null}},"type":"cond-expr","locations":[{"start":{"line":4,"column":22},"end":{"line":4,"column":85}},{"start":{"line":4,"column":85},"end":{"line":4,"column":null}}]}},"s":{"0":1,"1":4,"2":2,"3":4},"f":{"0":4,"1":2,"2":4},"b":{"0":[1,3]}}
}
